<?xml version="1.0" encoding="UTF-8"?>
<testng-results ignored="0" total="1" passed="1" failed="0" skipped="0">
  <reporter-output>
  </reporter-output>
  <suite started-at="2024-08-26T20:30:50 IST" name="Default suite" finished-at="2024-08-26T20:30:57 IST" duration-ms="6654">
    <groups>
    </groups>
    <test started-at="2024-08-26T20:30:50 IST" name="Default test" finished-at="2024-08-26T20:30:57 IST" duration-ms="6654">
      <class name="com.ShadowDom.Shadowdom1">
        <test-method is-config="true" signature="setup()[pri:0, instance:com.ShadowDom.Shadowdom1@1cf6d1be]" started-at="2024-08-26T20:30:50 IST" name="setup" finished-at="2024-08-26T20:30:53 IST" duration-ms="3235" status="PASS">
          <reporter-output>
          </reporter-output>
        </test-method> <!-- setup -->
        <test-method signature="shadowdom()[pri:0, instance:com.ShadowDom.Shadowdom1@1cf6d1be]" started-at="2024-08-26T20:30:53 IST" name="shadowdom" finished-at="2024-08-26T20:30:53 IST" duration-ms="118" status="PASS">
          <reporter-output>
          </reporter-output>
        </test-method> <!-- shadowdom -->
        <test-method is-config="true" signature="teardown()[pri:0, instance:com.ShadowDom.Shadowdom1@1cf6d1be]" started-at="2024-08-26T20:30:53 IST" name="teardown" finished-at="2024-08-26T20:30:57 IST" duration-ms="3259" status="PASS">
          <reporter-output>
          </reporter-output>
        </test-method> <!-- teardown -->
      </class> <!-- com.ShadowDom.Shadowdom1 -->
    </test> <!-- Default test -->
  </suite> <!-- Default suite -->
</testng-results>
